19-05-2024 11:43:35 - capt_bas_moulin : 0 
19-05-2024 11:43:35 - sign_ext_son : 0 
19-05-2024 11:43:35 - capt_rot_blute : 0 
19-05-2024 11:43:35 - inter_shunt_secu : 0 
19-05-2024 11:43:35 - capt_ensach : 1 
19-05-2024 11:43:35 - run_powerflex : 0 
19-05-2024 11:43:35 - moteur_succion : 0 
19-05-2024 11:43:35 - moteur_son : 0 
19-05-2024 11:43:35 - battage : 0 
19-05-2024 11:43:35 - out_sign_son : 0 
19-05-2024 11:43:35 - moteur_bluterie : 0 
19-05-2024 11:43:35 - courrant_meule : 0.0 A
19-05-2024 11:43:35 - stop_powerflex_true : 1 
19-05-2024 11:43:35 - stop_powerflex : 0 
19-05-2024 11:43:35 - start_poxerflex : 0 
19-05-2024 11:43:35 - start_bluterie : 0 
19-05-2024 11:43:35 - current_meule : 0.0 A
19-05-2024 11:43:35 - t_meule : 19 °C
19-05-2024 11:43:35 - capt_rot_blut : 0 
19-05-2024 11:43:35 - alarm_entret : 1 
19-05-2024 11:43:35 - horametre : 1 
19-05-2024 11:43:35 - retour_freq_meule : 0.0 
19-05-2024 11:43:35 - stop_powerflex_vibrat : 1 
19-05-2024 11:43:35 - reg_intens_meule : 2.95 A
19-05-2024 11:43:35 - capt_ensach_alarm : 0 
19-05-2024 11:43:35 - capt_bas_alarm : 0 
19-05-2024 11:43:35 - intensite_meule : 0 
19-05-2024 11:43:35 - arret_vibra : 0 
19-05-2024 11:43:35 - succion_force : 0 
19-05-2024 11:43:35 - vibra_eleve : 0 
19-05-2024 11:43:35 - vidan_trem : 0 
19-05-2024 11:43:35 - speed_ref_vibrat : 0.0 Hz
19-05-2024 11:43:35 - start_powerflex_vibrat : 0 
19-05-2024 11:43:35 - cv_manuel : 13.0 Hz
-------------------------------------------------------
Fin du Fichier de Logs du 19-05-2024 11:43:35 
