19-05-2024 11:43:58 - capt_bas_moulin : 0 
19-05-2024 11:43:58 - sign_ext_son : 0 
19-05-2024 11:43:58 - capt_rot_blute : 0 
19-05-2024 11:43:58 - inter_shunt_secu : 0 
19-05-2024 11:43:58 - capt_ensach : 1 
19-05-2024 11:43:58 - run_powerflex : 0 
19-05-2024 11:43:58 - moteur_succion : 0 
19-05-2024 11:43:58 - moteur_son : 0 
19-05-2024 11:43:58 - battage : 0 
19-05-2024 11:43:58 - out_sign_son : 0 
19-05-2024 11:43:58 - moteur_bluterie : 0 
19-05-2024 11:43:58 - courrant_meule : 0.0 A
19-05-2024 11:43:58 - stop_powerflex_true : 1 
19-05-2024 11:43:58 - stop_powerflex : 0 
19-05-2024 11:43:58 - start_poxerflex : 0 
19-05-2024 11:43:58 - start_bluterie : 0 
19-05-2024 11:43:58 - current_meule : 0.0 A
19-05-2024 11:43:58 - t_meule : 19 °C
19-05-2024 11:43:58 - capt_rot_blut : 0 
19-05-2024 11:43:58 - alarm_entret : 1 
19-05-2024 11:43:58 - horametre : 1 
19-05-2024 11:43:58 - retour_freq_meule : 0.0 
19-05-2024 11:43:58 - stop_powerflex_vibrat : 1 
19-05-2024 11:43:58 - reg_intens_meule : 2.95 A
19-05-2024 11:43:58 - capt_ensach_alarm : 0 
19-05-2024 11:43:58 - capt_bas_alarm : 0 
19-05-2024 11:43:58 - intensite_meule : 0 
19-05-2024 11:43:58 - arret_vibra : 0 
19-05-2024 11:43:58 - succion_force : 0 
19-05-2024 11:43:58 - vibra_eleve : 0 
19-05-2024 11:43:58 - vidan_trem : 0 
19-05-2024 11:43:58 - speed_ref_vibrat : 0.0 Hz
19-05-2024 11:43:58 - start_powerflex_vibrat : 0 
19-05-2024 11:43:58 - cv_manuel : 13.0 Hz
-------------------------------------------------------
Fin du Fichier de Logs du 19-05-2024 11:43:58 
