DEBUG:__main__:Log : 19-05-2024 11:18:08
INFO:__main__:19-05-2024 11:18:08 - capt_bas_moulin : 0 
INFO:__main__:19-05-2024 11:18:08 - sign_ext_son : 0 
INFO:__main__:19-05-2024 11:18:08 - capt_rot_blute : 0 
INFO:__main__:19-05-2024 11:18:08 - inter_shunt_secu : 0 
INFO:__main__:19-05-2024 11:18:08 - capt_ensach : 1 
INFO:__main__:19-05-2024 11:18:08 - run_powerflex : 0 
INFO:__main__:19-05-2024 11:18:08 - moteur_succion : 0 
INFO:__main__:19-05-2024 11:18:08 - moteur_son : 0 
INFO:__main__:19-05-2024 11:18:08 - battage : 0 
INFO:__main__:19-05-2024 11:18:08 - out_sign_son : 0 
INFO:__main__:19-05-2024 11:18:08 - moteur_bluterie : 0 
INFO:__main__:19-05-2024 11:18:08 - courrant_meule : 0.0 A
INFO:__main__:19-05-2024 11:18:08 - stop_powerflex_true : 1 
INFO:__main__:19-05-2024 11:18:08 - stop_powerflex : 0 
INFO:__main__:19-05-2024 11:18:08 - start_poxerflex : 0 
INFO:__main__:19-05-2024 11:18:08 - start_bluterie : 0 
INFO:__main__:19-05-2024 11:18:08 - current_meule : 0.0 A
INFO:__main__:19-05-2024 11:18:08 - t_meule : 19 °C
INFO:__main__:19-05-2024 11:18:08 - capt_rot_blut : 0 
INFO:__main__:19-05-2024 11:18:08 - alarm_entret : 1 
INFO:__main__:19-05-2024 11:18:08 - horametre : 1 
INFO:__main__:19-05-2024 11:18:08 - retour_freq_meule : 0.0 
INFO:__main__:19-05-2024 11:18:08 - stop_powerflex_vibrat : 1 
INFO:__main__:19-05-2024 11:18:08 - reg_intens_meule : 2.95 A
INFO:__main__:19-05-2024 11:18:08 - capt_ensach_alarm : 0 
INFO:__main__:19-05-2024 11:18:08 - capt_bas_alarm : 0 
INFO:__main__:19-05-2024 11:18:08 - intensite_meule : 0 
INFO:__main__:19-05-2024 11:18:08 - arret_vibra : 0 
INFO:__main__:19-05-2024 11:18:08 - succion_force : 0 
INFO:__main__:19-05-2024 11:18:08 - vibra_eleve : 0 
INFO:__main__:19-05-2024 11:18:08 - vidan_trem : 0 
INFO:__main__:19-05-2024 11:18:08 - speed_ref_vibrat : 0.0 Hz
INFO:__main__:19-05-2024 11:18:08 - start_powerflex_vibrat : 0 
INFO:__main__:19-05-2024 11:18:08 - cv_manuel : 13.0 Hz
WARNING:__main__:-------------------------------------------------------
WARNING:__main__:Fin du Fichier de Logs du 19-05-2024 11:18:08 
