19-05-2024 11:40:49 - capt_bas_moulin : 0 
INFO:__main__:19-05-2024 11:40:49 - capt_bas_moulin : 0 
19-05-2024 11:40:49 - sign_ext_son : 0 
INFO:__main__:19-05-2024 11:40:49 - sign_ext_son : 0 
19-05-2024 11:40:49 - capt_rot_blute : 0 
INFO:__main__:19-05-2024 11:40:49 - capt_rot_blute : 0 
19-05-2024 11:40:49 - inter_shunt_secu : 0 
INFO:__main__:19-05-2024 11:40:49 - inter_shunt_secu : 0 
19-05-2024 11:40:49 - capt_ensach : 1 
INFO:__main__:19-05-2024 11:40:49 - capt_ensach : 1 
19-05-2024 11:40:49 - run_powerflex : 0 
INFO:__main__:19-05-2024 11:40:49 - run_powerflex : 0 
19-05-2024 11:40:49 - moteur_succion : 0 
INFO:__main__:19-05-2024 11:40:49 - moteur_succion : 0 
19-05-2024 11:40:49 - moteur_son : 0 
INFO:__main__:19-05-2024 11:40:49 - moteur_son : 0 
19-05-2024 11:40:49 - battage : 0 
INFO:__main__:19-05-2024 11:40:49 - battage : 0 
19-05-2024 11:40:49 - out_sign_son : 0 
INFO:__main__:19-05-2024 11:40:49 - out_sign_son : 0 
19-05-2024 11:40:49 - moteur_bluterie : 0 
INFO:__main__:19-05-2024 11:40:49 - moteur_bluterie : 0 
19-05-2024 11:40:49 - courrant_meule : 0.0 A
INFO:__main__:19-05-2024 11:40:49 - courrant_meule : 0.0 A
19-05-2024 11:40:49 - stop_powerflex_true : 1 
INFO:__main__:19-05-2024 11:40:49 - stop_powerflex_true : 1 
19-05-2024 11:40:49 - stop_powerflex : 0 
INFO:__main__:19-05-2024 11:40:49 - stop_powerflex : 0 
19-05-2024 11:40:49 - start_poxerflex : 0 
INFO:__main__:19-05-2024 11:40:49 - start_poxerflex : 0 
19-05-2024 11:40:49 - start_bluterie : 0 
INFO:__main__:19-05-2024 11:40:49 - start_bluterie : 0 
19-05-2024 11:40:49 - current_meule : 0.0 A
INFO:__main__:19-05-2024 11:40:49 - current_meule : 0.0 A
19-05-2024 11:40:49 - t_meule : 19 °C
INFO:__main__:19-05-2024 11:40:49 - t_meule : 19 °C
19-05-2024 11:40:49 - capt_rot_blut : 0 
INFO:__main__:19-05-2024 11:40:49 - capt_rot_blut : 0 
19-05-2024 11:40:49 - alarm_entret : 1 
INFO:__main__:19-05-2024 11:40:49 - alarm_entret : 1 
19-05-2024 11:40:49 - horametre : 1 
INFO:__main__:19-05-2024 11:40:49 - horametre : 1 
19-05-2024 11:40:49 - retour_freq_meule : 0.0 
INFO:__main__:19-05-2024 11:40:49 - retour_freq_meule : 0.0 
19-05-2024 11:40:49 - stop_powerflex_vibrat : 1 
INFO:__main__:19-05-2024 11:40:49 - stop_powerflex_vibrat : 1 
19-05-2024 11:40:49 - reg_intens_meule : 2.95 A
INFO:__main__:19-05-2024 11:40:49 - reg_intens_meule : 2.95 A
19-05-2024 11:40:49 - capt_ensach_alarm : 0 
INFO:__main__:19-05-2024 11:40:49 - capt_ensach_alarm : 0 
19-05-2024 11:40:49 - capt_bas_alarm : 0 
INFO:__main__:19-05-2024 11:40:49 - capt_bas_alarm : 0 
19-05-2024 11:40:49 - intensite_meule : 0 
INFO:__main__:19-05-2024 11:40:49 - intensite_meule : 0 
19-05-2024 11:40:49 - arret_vibra : 0 
INFO:__main__:19-05-2024 11:40:49 - arret_vibra : 0 
19-05-2024 11:40:49 - succion_force : 0 
INFO:__main__:19-05-2024 11:40:49 - succion_force : 0 
19-05-2024 11:40:49 - vibra_eleve : 0 
INFO:__main__:19-05-2024 11:40:49 - vibra_eleve : 0 
19-05-2024 11:40:49 - vidan_trem : 0 
INFO:__main__:19-05-2024 11:40:49 - vidan_trem : 0 
19-05-2024 11:40:49 - speed_ref_vibrat : 0.0 Hz
INFO:__main__:19-05-2024 11:40:49 - speed_ref_vibrat : 0.0 Hz
19-05-2024 11:40:49 - start_powerflex_vibrat : 0 
INFO:__main__:19-05-2024 11:40:49 - start_powerflex_vibrat : 0 
19-05-2024 11:40:49 - cv_manuel : 13.0 Hz
INFO:__main__:19-05-2024 11:40:49 - cv_manuel : 13.0 Hz
-------------------------------------------------------
WARNING:__main__:-------------------------------------------------------
Fin du Fichier de Logs du 19-05-2024 11:40:49 
WARNING:__main__:Fin du Fichier de Logs du 19-05-2024 11:40:49 
