23-05-2024 11:43:14 - capt_bas_moulin : 0 
INFO:__main__:23-05-2024 11:43:14 - capt_bas_moulin : 0 
23-05-2024 11:43:14 - sign_ext_son : 0 
INFO:__main__:23-05-2024 11:43:14 - sign_ext_son : 0 
23-05-2024 11:43:14 - capt_rot_blute : 0 
INFO:__main__:23-05-2024 11:43:14 - capt_rot_blute : 0 
23-05-2024 11:43:14 - inter_shunt_secu : 0 
INFO:__main__:23-05-2024 11:43:14 - inter_shunt_secu : 0 
23-05-2024 11:43:14 - capt_ensach : 1 
INFO:__main__:23-05-2024 11:43:14 - capt_ensach : 1 
23-05-2024 11:43:14 - run_powerflex : 0 
INFO:__main__:23-05-2024 11:43:14 - run_powerflex : 0 
23-05-2024 11:43:14 - moteur_succion : 0 
INFO:__main__:23-05-2024 11:43:14 - moteur_succion : 0 
23-05-2024 11:43:14 - moteur_son : 0 
INFO:__main__:23-05-2024 11:43:14 - moteur_son : 0 
23-05-2024 11:43:14 - battage : 0 
INFO:__main__:23-05-2024 11:43:14 - battage : 0 
23-05-2024 11:43:14 - out_sign_son : 0 
INFO:__main__:23-05-2024 11:43:14 - out_sign_son : 0 
23-05-2024 11:43:14 - moteur_bluterie : 0 
INFO:__main__:23-05-2024 11:43:14 - moteur_bluterie : 0 
23-05-2024 11:43:14 - courrant_meule : 0.0 A
INFO:__main__:23-05-2024 11:43:14 - courrant_meule : 0.0 A
23-05-2024 11:43:14 - stop_powerflex_true : 1 
INFO:__main__:23-05-2024 11:43:14 - stop_powerflex_true : 1 
23-05-2024 11:43:14 - stop_powerflex : 0 
INFO:__main__:23-05-2024 11:43:14 - stop_powerflex : 0 
23-05-2024 11:43:14 - start_poxerflex : 0 
INFO:__main__:23-05-2024 11:43:14 - start_poxerflex : 0 
23-05-2024 11:43:14 - start_bluterie : 0 
INFO:__main__:23-05-2024 11:43:14 - start_bluterie : 0 
23-05-2024 11:43:14 - current_meule : 0.0 A
INFO:__main__:23-05-2024 11:43:14 - current_meule : 0.0 A
23-05-2024 11:43:14 - t_meule : 21 °C
INFO:__main__:23-05-2024 11:43:14 - t_meule : 21 °C
23-05-2024 11:43:14 - capt_rot_blut : 0 
INFO:__main__:23-05-2024 11:43:14 - capt_rot_blut : 0 
23-05-2024 11:43:14 - alarm_entret : 1 
INFO:__main__:23-05-2024 11:43:14 - alarm_entret : 1 
23-05-2024 11:43:14 - horametre : 1 
INFO:__main__:23-05-2024 11:43:14 - horametre : 1 
23-05-2024 11:43:14 - retour_freq_meule : 0.0 
INFO:__main__:23-05-2024 11:43:14 - retour_freq_meule : 0.0 
23-05-2024 11:43:14 - stop_powerflex_vibrat : 1 
INFO:__main__:23-05-2024 11:43:14 - stop_powerflex_vibrat : 1 
23-05-2024 11:43:14 - reg_intens_meule : 0.88 A
INFO:__main__:23-05-2024 11:43:14 - reg_intens_meule : 0.88 A
23-05-2024 11:43:14 - capt_ensach_alarm : 0 
INFO:__main__:23-05-2024 11:43:14 - capt_ensach_alarm : 0 
23-05-2024 11:43:14 - capt_bas_alarm : 0 
INFO:__main__:23-05-2024 11:43:14 - capt_bas_alarm : 0 
23-05-2024 11:43:14 - intensite_meule : 0 
INFO:__main__:23-05-2024 11:43:14 - intensite_meule : 0 
23-05-2024 11:43:14 - arret_vibra : 0 
INFO:__main__:23-05-2024 11:43:14 - arret_vibra : 0 
23-05-2024 11:43:14 - succion_force : 0 
INFO:__main__:23-05-2024 11:43:14 - succion_force : 0 
23-05-2024 11:43:14 - vibra_eleve : 0 
INFO:__main__:23-05-2024 11:43:14 - vibra_eleve : 0 
23-05-2024 11:43:14 - vidan_trem : 0 
INFO:__main__:23-05-2024 11:43:14 - vidan_trem : 0 
23-05-2024 11:43:14 - speed_ref_vibrat : 0.0 Hz
INFO:__main__:23-05-2024 11:43:14 - speed_ref_vibrat : 0.0 Hz
23-05-2024 11:43:14 - start_powerflex_vibrat : 0 
INFO:__main__:23-05-2024 11:43:14 - start_powerflex_vibrat : 0 
23-05-2024 11:43:14 - cv_manuel : 13.0 Hz
INFO:__main__:23-05-2024 11:43:14 - cv_manuel : 13.0 Hz
-------------------------------------------------------
WARNING:__main__:-------------------------------------------------------
Fin du Fichier de Logs du 23-05-2024 11:43:14 
WARNING:__main__:Fin du Fichier de Logs du 23-05-2024 11:43:14 
