24-05-2024 17:32:44 - capt_bas_moulin : 0 
24-05-2024 17:32:44 - sign_ext_son : 0 
24-05-2024 17:32:44 - capt_rot_blute : 0 
24-05-2024 17:32:44 - inter_shunt_secu : 0 
24-05-2024 17:32:44 - capt_ensach : 1 
24-05-2024 17:32:44 - run_powerflex : 0 
24-05-2024 17:32:44 - moteur_succion : 0 
24-05-2024 17:32:44 - moteur_son : 0 
24-05-2024 17:32:44 - battage : 0 
24-05-2024 17:32:44 - out_sign_son : 0 
24-05-2024 17:32:44 - moteur_bluterie : 0 
24-05-2024 17:32:44 - courrant_meule : 0.0 A
24-05-2024 17:32:44 - stop_powerflex_true : 1 
24-05-2024 17:32:44 - stop_powerflex : 0 
24-05-2024 17:32:44 - start_poxerflex : 0 
24-05-2024 17:32:44 - start_bluterie : 0 
24-05-2024 17:32:44 - current_meule : 0.0 A
24-05-2024 17:32:44 - t_meule : 25 °C
24-05-2024 17:32:44 - capt_rot_blut : 0 
24-05-2024 17:32:44 - alarm_entret : 1 
24-05-2024 17:32:44 - horametre : 1 
24-05-2024 17:32:44 - retour_freq_meule : 0.0 
24-05-2024 17:32:44 - stop_powerflex_vibrat : 1 
24-05-2024 17:32:44 - reg_intens_meule : 3.0 A
24-05-2024 17:32:44 - capt_ensach_alarm : 0 
24-05-2024 17:32:44 - capt_bas_alarm : 0 
24-05-2024 17:32:44 - intensite_meule : 0 
24-05-2024 17:32:44 - arret_vibra : 0 
24-05-2024 17:32:44 - succion_force : 0 
24-05-2024 17:32:44 - vibra_eleve : 0 
24-05-2024 17:32:44 - vidan_trem : 0 
24-05-2024 17:32:44 - speed_ref_vibrat : 0.0 Hz
24-05-2024 17:32:44 - start_powerflex_vibrat : 0 
24-05-2024 17:32:44 - cv_manuel : 24.48 Hz
-------------------------------------------------------
Fin du Fichier de Logs du 24-05-2024 17:32:44 
