24-05-2024 16:33:03 - capt_bas_moulin : 0 
24-05-2024 16:33:03 - sign_ext_son : 0 
24-05-2024 16:33:03 - capt_rot_blute : 0 
24-05-2024 16:33:03 - inter_shunt_secu : 0 
24-05-2024 16:33:03 - capt_ensach : 1 
24-05-2024 16:33:03 - run_powerflex : 1 
24-05-2024 16:33:03 - moteur_succion : 0 
24-05-2024 16:33:03 - moteur_son : 1 
24-05-2024 16:33:03 - battage : 0 
24-05-2024 16:33:03 - out_sign_son : 1 
24-05-2024 16:33:03 - moteur_bluterie : 1 
24-05-2024 16:33:03 - courrant_meule : 0.88 A
24-05-2024 16:33:03 - stop_powerflex_true : 1 
24-05-2024 16:33:03 - stop_powerflex : 0 
24-05-2024 16:33:03 - start_poxerflex : 0 
24-05-2024 16:33:03 - start_bluterie : 0 
24-05-2024 16:33:03 - current_meule : 0.89 A
24-05-2024 16:33:03 - t_meule : 22 °C
24-05-2024 16:33:03 - capt_rot_blut : 1 
24-05-2024 16:33:03 - alarm_entret : 1 
24-05-2024 16:33:03 - horametre : 1 
24-05-2024 16:33:03 - retour_freq_meule : 46.9 
24-05-2024 16:33:03 - stop_powerflex_vibrat : 0 
24-05-2024 16:33:03 - reg_intens_meule : 0.88 A
24-05-2024 16:33:03 - capt_ensach_alarm : 0 
24-05-2024 16:33:03 - capt_bas_alarm : 0 
24-05-2024 16:33:03 - intensite_meule : 0 
24-05-2024 16:33:03 - arret_vibra : 0 
24-05-2024 16:33:03 - succion_force : 0 
24-05-2024 16:33:03 - vibra_eleve : 0 
24-05-2024 16:33:03 - vidan_trem : 0 
24-05-2024 16:33:03 - speed_ref_vibrat : 0.0 Hz
24-05-2024 16:33:03 - start_powerflex_vibrat : 0 
24-05-2024 16:33:03 - cv_manuel : 13.0 Hz
-------------------------------------------------------
Fin du Fichier de Logs du 24-05-2024 16:33:03 
