24-05-2024 17:29:00 - capt_bas_moulin : 0 
24-05-2024 17:29:00 - sign_ext_son : 0 
24-05-2024 17:29:00 - capt_rot_blute : 0 
24-05-2024 17:29:00 - inter_shunt_secu : 0 
24-05-2024 17:29:00 - capt_ensach : 1 
24-05-2024 17:29:00 - run_powerflex : 0 
24-05-2024 17:29:00 - moteur_succion : 0 
24-05-2024 17:29:00 - moteur_son : 0 
24-05-2024 17:29:00 - battage : 0 
24-05-2024 17:29:00 - out_sign_son : 0 
24-05-2024 17:29:00 - moteur_bluterie : 0 
24-05-2024 17:29:00 - courrant_meule : 1.11 A
24-05-2024 17:29:00 - stop_powerflex_true : 1 
24-05-2024 17:29:00 - stop_powerflex : 0 
24-05-2024 17:29:00 - start_poxerflex : 0 
24-05-2024 17:29:00 - start_bluterie : 0 
24-05-2024 17:29:00 - current_meule : 1.16 A
24-05-2024 17:29:00 - t_meule : 32 °C
24-05-2024 17:29:00 - capt_rot_blut : 0 
24-05-2024 17:29:00 - alarm_entret : 1 
24-05-2024 17:29:00 - horametre : 1 
24-05-2024 17:29:00 - retour_freq_meule : 5.9 
24-05-2024 17:29:00 - stop_powerflex_vibrat : 1 
24-05-2024 17:29:00 - reg_intens_meule : 3.0 A
24-05-2024 17:29:00 - capt_ensach_alarm : 0 
24-05-2024 17:29:00 - capt_bas_alarm : 0 
24-05-2024 17:29:00 - intensite_meule : 0 
24-05-2024 17:29:00 - arret_vibra : 0 
24-05-2024 17:29:00 - succion_force : 0 
24-05-2024 17:29:00 - vibra_eleve : 0 
24-05-2024 17:29:00 - vidan_trem : 0 
24-05-2024 17:29:00 - speed_ref_vibrat : 0.0 Hz
24-05-2024 17:29:00 - start_powerflex_vibrat : 0 
24-05-2024 17:29:00 - cv_manuel : 24.48 Hz
-------------------------------------------------------
Fin du Fichier de Logs du 24-05-2024 17:29:00 
