24-05-2024 17:20:56 - capt_bas_moulin : 0 
INFO:__main__:24-05-2024 17:20:56 - capt_bas_moulin : 0 
24-05-2024 17:20:56 - sign_ext_son : 0 
INFO:__main__:24-05-2024 17:20:56 - sign_ext_son : 0 
24-05-2024 17:20:56 - capt_rot_blute : 0 
INFO:__main__:24-05-2024 17:20:56 - capt_rot_blute : 0 
24-05-2024 17:20:56 - inter_shunt_secu : 0 
INFO:__main__:24-05-2024 17:20:56 - inter_shunt_secu : 0 
24-05-2024 17:20:56 - capt_ensach : 1 
INFO:__main__:24-05-2024 17:20:56 - capt_ensach : 1 
24-05-2024 17:20:56 - run_powerflex : 0 
INFO:__main__:24-05-2024 17:20:56 - run_powerflex : 0 
24-05-2024 17:20:56 - moteur_succion : 0 
INFO:__main__:24-05-2024 17:20:56 - moteur_succion : 0 
24-05-2024 17:20:56 - moteur_son : 0 
INFO:__main__:24-05-2024 17:20:56 - moteur_son : 0 
24-05-2024 17:20:56 - battage : 0 
INFO:__main__:24-05-2024 17:20:56 - battage : 0 
24-05-2024 17:20:56 - out_sign_son : 0 
INFO:__main__:24-05-2024 17:20:56 - out_sign_son : 0 
24-05-2024 17:20:56 - moteur_bluterie : 0 
INFO:__main__:24-05-2024 17:20:56 - moteur_bluterie : 0 
24-05-2024 17:20:56 - courrant_meule : 0.0 A
INFO:__main__:24-05-2024 17:20:56 - courrant_meule : 0.0 A
24-05-2024 17:20:56 - stop_powerflex_true : 1 
INFO:__main__:24-05-2024 17:20:56 - stop_powerflex_true : 1 
24-05-2024 17:20:56 - stop_powerflex : 0 
INFO:__main__:24-05-2024 17:20:56 - stop_powerflex : 0 
24-05-2024 17:20:56 - start_poxerflex : 0 
INFO:__main__:24-05-2024 17:20:56 - start_poxerflex : 0 
24-05-2024 17:20:56 - start_bluterie : 0 
INFO:__main__:24-05-2024 17:20:56 - start_bluterie : 0 
24-05-2024 17:20:56 - current_meule : 0.0 A
INFO:__main__:24-05-2024 17:20:56 - current_meule : 0.0 A
24-05-2024 17:20:56 - t_meule : 22 °C
INFO:__main__:24-05-2024 17:20:56 - t_meule : 22 °C
24-05-2024 17:20:56 - capt_rot_blut : 0 
INFO:__main__:24-05-2024 17:20:56 - capt_rot_blut : 0 
24-05-2024 17:20:56 - alarm_entret : 1 
INFO:__main__:24-05-2024 17:20:56 - alarm_entret : 1 
24-05-2024 17:20:56 - horametre : 1 
INFO:__main__:24-05-2024 17:20:56 - horametre : 1 
24-05-2024 17:20:56 - retour_freq_meule : 12.0 
INFO:__main__:24-05-2024 17:20:56 - retour_freq_meule : 12.0 
24-05-2024 17:20:56 - stop_powerflex_vibrat : 1 
INFO:__main__:24-05-2024 17:20:56 - stop_powerflex_vibrat : 1 
24-05-2024 17:20:56 - reg_intens_meule : 0.88 A
INFO:__main__:24-05-2024 17:20:56 - reg_intens_meule : 0.88 A
24-05-2024 17:20:56 - capt_ensach_alarm : 0 
INFO:__main__:24-05-2024 17:20:56 - capt_ensach_alarm : 0 
24-05-2024 17:20:56 - capt_bas_alarm : 0 
INFO:__main__:24-05-2024 17:20:56 - capt_bas_alarm : 0 
24-05-2024 17:20:56 - intensite_meule : 0 
INFO:__main__:24-05-2024 17:20:56 - intensite_meule : 0 
24-05-2024 17:20:56 - arret_vibra : 0 
INFO:__main__:24-05-2024 17:20:56 - arret_vibra : 0 
24-05-2024 17:20:56 - succion_force : 0 
INFO:__main__:24-05-2024 17:20:56 - succion_force : 0 
24-05-2024 17:20:56 - vibra_eleve : 0 
INFO:__main__:24-05-2024 17:20:56 - vibra_eleve : 0 
24-05-2024 17:20:56 - vidan_trem : 0 
INFO:__main__:24-05-2024 17:20:56 - vidan_trem : 0 
24-05-2024 17:20:56 - speed_ref_vibrat : 0.0 Hz
INFO:__main__:24-05-2024 17:20:56 - speed_ref_vibrat : 0.0 Hz
24-05-2024 17:20:56 - start_powerflex_vibrat : 1 
INFO:__main__:24-05-2024 17:20:56 - start_powerflex_vibrat : 1 
24-05-2024 17:20:56 - cv_manuel : 13.0 Hz
INFO:__main__:24-05-2024 17:20:56 - cv_manuel : 13.0 Hz
-------------------------------------------------------
WARNING:__main__:-------------------------------------------------------
Fin du Fichier de Logs du 24-05-2024 17:20:56 
WARNING:__main__:Fin du Fichier de Logs du 24-05-2024 17:20:56 
