24-05-2024 17:34:42 - capt_bas_moulin : 0 
24-05-2024 17:34:42 - sign_ext_son : 0 
24-05-2024 17:34:42 - capt_rot_blute : 0 
24-05-2024 17:34:42 - inter_shunt_secu : 0 
24-05-2024 17:34:42 - capt_ensach : 1 
24-05-2024 17:34:42 - run_powerflex : 0 
24-05-2024 17:34:42 - moteur_succion : 0 
24-05-2024 17:34:42 - moteur_son : 0 
24-05-2024 17:34:42 - battage : 0 
24-05-2024 17:34:42 - out_sign_son : 0 
24-05-2024 17:34:42 - moteur_bluterie : 0 
24-05-2024 17:34:42 - courrant_meule : 0.0 A
24-05-2024 17:34:42 - stop_powerflex_true : 1 
24-05-2024 17:34:42 - stop_powerflex : 0 
24-05-2024 17:34:42 - start_poxerflex : 0 
24-05-2024 17:34:42 - start_bluterie : 0 
24-05-2024 17:34:42 - current_meule : 0.0 A
24-05-2024 17:34:42 - t_meule : 24 °C
24-05-2024 17:34:42 - capt_rot_blut : 0 
24-05-2024 17:34:42 - alarm_entret : 1 
24-05-2024 17:34:42 - horametre : 1 
24-05-2024 17:34:42 - retour_freq_meule : 0.0 
24-05-2024 17:34:42 - stop_powerflex_vibrat : 1 
24-05-2024 17:34:42 - reg_intens_meule : 3.0 A
24-05-2024 17:34:42 - capt_ensach_alarm : 0 
24-05-2024 17:34:42 - capt_bas_alarm : 0 
24-05-2024 17:34:42 - intensite_meule : 0 
24-05-2024 17:34:42 - arret_vibra : 0 
24-05-2024 17:34:42 - succion_force : 0 
24-05-2024 17:34:42 - vibra_eleve : 0 
24-05-2024 17:34:42 - vidan_trem : 0 
24-05-2024 17:34:42 - speed_ref_vibrat : 0.0 Hz
24-05-2024 17:34:42 - start_powerflex_vibrat : 0 
24-05-2024 17:34:42 - cv_manuel : 24.48 Hz
-------------------------------------------------------
Fin du Fichier de Logs du 24-05-2024 17:34:42 
