24-05-2024 17:07:50 - capt_bas_moulin : 0 
24-05-2024 17:07:50 - sign_ext_son : 0 
24-05-2024 17:07:50 - capt_rot_blute : 0 
24-05-2024 17:07:50 - inter_shunt_secu : 0 
24-05-2024 17:07:50 - capt_ensach : 1 
24-05-2024 17:07:50 - run_powerflex : 0 
24-05-2024 17:07:50 - moteur_succion : 0 
24-05-2024 17:07:50 - moteur_son : 0 
24-05-2024 17:07:50 - battage : 0 
24-05-2024 17:07:50 - out_sign_son : 0 
24-05-2024 17:07:50 - moteur_bluterie : 0 
24-05-2024 17:07:50 - courrant_meule : 0.0 A
24-05-2024 17:07:50 - stop_powerflex_true : 1 
24-05-2024 17:07:50 - stop_powerflex : 0 
24-05-2024 17:07:50 - start_poxerflex : 0 
24-05-2024 17:07:50 - start_bluterie : 0 
24-05-2024 17:07:50 - current_meule : 0.0 A
24-05-2024 17:07:50 - t_meule : 22 °C
24-05-2024 17:07:50 - capt_rot_blut : 0 
24-05-2024 17:07:50 - alarm_entret : 1 
24-05-2024 17:07:50 - horametre : 1 
24-05-2024 17:07:50 - retour_freq_meule : 20.7 
24-05-2024 17:07:50 - stop_powerflex_vibrat : 1 
24-05-2024 17:07:50 - reg_intens_meule : 0.88 A
24-05-2024 17:07:50 - capt_ensach_alarm : 0 
24-05-2024 17:07:50 - capt_bas_alarm : 0 
24-05-2024 17:07:50 - intensite_meule : 0 
24-05-2024 17:07:50 - arret_vibra : 0 
24-05-2024 17:07:50 - succion_force : 0 
24-05-2024 17:07:50 - vibra_eleve : 0 
24-05-2024 17:07:50 - vidan_trem : 0 
24-05-2024 17:07:50 - speed_ref_vibrat : 0.0 Hz
24-05-2024 17:07:50 - start_powerflex_vibrat : 0 
24-05-2024 17:07:50 - cv_manuel : 13.0 Hz
-------------------------------------------------------
Fin du Fichier de Logs du 24-05-2024 17:07:50 
