24-05-2024 17:33:43 - capt_bas_moulin : 0 
24-05-2024 17:33:43 - sign_ext_son : 0 
24-05-2024 17:33:43 - capt_rot_blute : 0 
24-05-2024 17:33:43 - inter_shunt_secu : 0 
24-05-2024 17:33:43 - capt_ensach : 1 
24-05-2024 17:33:43 - run_powerflex : 0 
24-05-2024 17:33:43 - moteur_succion : 0 
24-05-2024 17:33:43 - moteur_son : 0 
24-05-2024 17:33:43 - battage : 0 
24-05-2024 17:33:43 - out_sign_son : 0 
24-05-2024 17:33:43 - moteur_bluterie : 0 
24-05-2024 17:33:43 - courrant_meule : 0.0 A
24-05-2024 17:33:43 - stop_powerflex_true : 1 
24-05-2024 17:33:43 - stop_powerflex : 0 
24-05-2024 17:33:43 - start_poxerflex : 0 
24-05-2024 17:33:43 - start_bluterie : 0 
24-05-2024 17:33:43 - current_meule : 0.0 A
24-05-2024 17:33:43 - t_meule : 24 °C
24-05-2024 17:33:43 - capt_rot_blut : 0 
24-05-2024 17:33:43 - alarm_entret : 1 
24-05-2024 17:33:43 - horametre : 1 
24-05-2024 17:33:43 - retour_freq_meule : 0.0 
24-05-2024 17:33:43 - stop_powerflex_vibrat : 1 
24-05-2024 17:33:43 - reg_intens_meule : 3.0 A
24-05-2024 17:33:43 - capt_ensach_alarm : 0 
24-05-2024 17:33:43 - capt_bas_alarm : 0 
24-05-2024 17:33:43 - intensite_meule : 0 
24-05-2024 17:33:43 - arret_vibra : 0 
24-05-2024 17:33:43 - succion_force : 0 
24-05-2024 17:33:43 - vibra_eleve : 0 
24-05-2024 17:33:43 - vidan_trem : 0 
24-05-2024 17:33:43 - speed_ref_vibrat : 0.0 Hz
24-05-2024 17:33:43 - start_powerflex_vibrat : 0 
24-05-2024 17:33:43 - cv_manuel : 24.48 Hz
-------------------------------------------------------
Fin du Fichier de Logs du 24-05-2024 17:33:43 
