24-05-2024 16:32:39 - capt_bas_moulin : 0 
24-05-2024 16:32:39 - sign_ext_son : 0 
24-05-2024 16:32:39 - capt_rot_blute : 0 
24-05-2024 16:32:39 - inter_shunt_secu : 0 
24-05-2024 16:32:39 - capt_ensach : 1 
24-05-2024 16:32:39 - run_powerflex : 1 
24-05-2024 16:32:39 - moteur_succion : 0 
24-05-2024 16:32:39 - moteur_son : 1 
24-05-2024 16:32:39 - battage : 1 
24-05-2024 16:32:39 - out_sign_son : 1 
24-05-2024 16:32:39 - moteur_bluterie : 1 
24-05-2024 16:32:39 - courrant_meule : 0.89 A
24-05-2024 16:32:39 - stop_powerflex_true : 1 
24-05-2024 16:32:39 - stop_powerflex : 0 
24-05-2024 16:32:39 - start_poxerflex : 0 
24-05-2024 16:32:39 - start_bluterie : 0 
24-05-2024 16:32:39 - current_meule : 0.9 A
24-05-2024 16:32:39 - t_meule : 22 °C
24-05-2024 16:32:39 - capt_rot_blut : 0 
24-05-2024 16:32:39 - alarm_entret : 1 
24-05-2024 16:32:39 - horametre : 1 
24-05-2024 16:32:39 - retour_freq_meule : 50.0 
24-05-2024 16:32:39 - stop_powerflex_vibrat : 0 
24-05-2024 16:32:39 - reg_intens_meule : 0.88 A
24-05-2024 16:32:39 - capt_ensach_alarm : 0 
24-05-2024 16:32:39 - capt_bas_alarm : 0 
24-05-2024 16:32:39 - intensite_meule : 0 
24-05-2024 16:32:39 - arret_vibra : 0 
24-05-2024 16:32:39 - succion_force : 0 
24-05-2024 16:32:39 - vibra_eleve : 0 
24-05-2024 16:32:39 - vidan_trem : 0 
24-05-2024 16:32:39 - speed_ref_vibrat : 13.17 Hz
24-05-2024 16:32:39 - start_powerflex_vibrat : 1 
24-05-2024 16:32:39 - cv_manuel : 13.0 Hz
-------------------------------------------------------
Fin du Fichier de Logs du 24-05-2024 16:32:39 
