24-05-2024 17:27:25 - capt_bas_moulin : 0 
24-05-2024 17:27:25 - sign_ext_son : 0 
24-05-2024 17:27:25 - capt_rot_blute : 1 
24-05-2024 17:27:25 - inter_shunt_secu : 0 
24-05-2024 17:27:25 - capt_ensach : 1 
24-05-2024 17:27:25 - run_powerflex : 1 
24-05-2024 17:27:25 - moteur_succion : 0 
24-05-2024 17:27:25 - moteur_son : 1 
24-05-2024 17:27:25 - battage : 0 
24-05-2024 17:27:25 - out_sign_son : 1 
24-05-2024 17:27:25 - moteur_bluterie : 1 
24-05-2024 17:27:25 - courrant_meule : 0.89 A
24-05-2024 17:27:25 - stop_powerflex_true : 1 
24-05-2024 17:27:25 - stop_powerflex : 0 
24-05-2024 17:27:25 - start_poxerflex : 0 
24-05-2024 17:27:25 - start_bluterie : 0 
24-05-2024 17:27:25 - current_meule : 0.89 A
24-05-2024 17:27:25 - t_meule : 32 °C
24-05-2024 17:27:25 - capt_rot_blut : 0 
24-05-2024 17:27:25 - alarm_entret : 1 
24-05-2024 17:27:25 - horametre : 1 
24-05-2024 17:27:25 - retour_freq_meule : 50.0 
24-05-2024 17:27:25 - stop_powerflex_vibrat : 0 
24-05-2024 17:27:25 - reg_intens_meule : 0.88 A
24-05-2024 17:27:25 - capt_ensach_alarm : 0 
24-05-2024 17:27:25 - capt_bas_alarm : 0 
24-05-2024 17:27:25 - intensite_meule : 0 
24-05-2024 17:27:25 - arret_vibra : 0 
24-05-2024 17:27:25 - succion_force : 0 
24-05-2024 17:27:25 - vibra_eleve : 0 
24-05-2024 17:27:25 - vidan_trem : 0 
24-05-2024 17:27:25 - speed_ref_vibrat : 13.36 Hz
24-05-2024 17:27:25 - start_powerflex_vibrat : 1 
24-05-2024 17:27:25 - cv_manuel : 13.0 Hz
-------------------------------------------------------
Fin du Fichier de Logs du 24-05-2024 17:27:25 
