24-05-2024 17:28:36 - capt_bas_moulin : 0 
24-05-2024 17:28:36 - sign_ext_son : 0 
24-05-2024 17:28:36 - capt_rot_blute : 0 
24-05-2024 17:28:36 - inter_shunt_secu : 0 
24-05-2024 17:28:36 - capt_ensach : 1 
24-05-2024 17:28:36 - run_powerflex : 1 
24-05-2024 17:28:36 - moteur_succion : 0 
24-05-2024 17:28:36 - moteur_son : 1 
24-05-2024 17:28:36 - battage : 0 
24-05-2024 17:28:36 - out_sign_son : 1 
24-05-2024 17:28:36 - moteur_bluterie : 1 
24-05-2024 17:28:36 - courrant_meule : 0.89 A
24-05-2024 17:28:36 - stop_powerflex_true : 1 
24-05-2024 17:28:36 - stop_powerflex : 0 
24-05-2024 17:28:36 - start_poxerflex : 0 
24-05-2024 17:28:36 - start_bluterie : 0 
24-05-2024 17:28:36 - current_meule : 0.88 A
24-05-2024 17:28:36 - t_meule : 32 °C
24-05-2024 17:28:36 - capt_rot_blut : 0 
24-05-2024 17:28:36 - alarm_entret : 1 
24-05-2024 17:28:36 - horametre : 1 
24-05-2024 17:28:36 - retour_freq_meule : 44.1 
24-05-2024 17:28:36 - stop_powerflex_vibrat : 1 
24-05-2024 17:28:36 - reg_intens_meule : 3.0 A
24-05-2024 17:28:36 - capt_ensach_alarm : 0 
24-05-2024 17:28:36 - capt_bas_alarm : 0 
24-05-2024 17:28:36 - intensite_meule : 0 
24-05-2024 17:28:36 - arret_vibra : 0 
24-05-2024 17:28:36 - succion_force : 0 
24-05-2024 17:28:36 - vibra_eleve : 0 
24-05-2024 17:28:36 - vidan_trem : 0 
24-05-2024 17:28:36 - speed_ref_vibrat : 0.0 Hz
24-05-2024 17:28:36 - start_powerflex_vibrat : 0 
24-05-2024 17:28:36 - cv_manuel : 24.48 Hz
-------------------------------------------------------
Fin du Fichier de Logs du 24-05-2024 17:28:36 
