24-05-2024 17:27:13 - capt_bas_moulin : 0 
24-05-2024 17:27:13 - sign_ext_son : 0 
24-05-2024 17:27:13 - capt_rot_blute : 1 
24-05-2024 17:27:13 - inter_shunt_secu : 0 
24-05-2024 17:27:13 - capt_ensach : 1 
24-05-2024 17:27:13 - run_powerflex : 1 
24-05-2024 17:27:13 - moteur_succion : 0 
24-05-2024 17:27:13 - moteur_son : 1 
24-05-2024 17:27:13 - battage : 0 
24-05-2024 17:27:13 - out_sign_son : 1 
24-05-2024 17:27:13 - moteur_bluterie : 1 
24-05-2024 17:27:13 - courrant_meule : 0.89 A
24-05-2024 17:27:13 - stop_powerflex_true : 1 
24-05-2024 17:27:13 - stop_powerflex : 0 
24-05-2024 17:27:13 - start_poxerflex : 0 
24-05-2024 17:27:13 - start_bluterie : 0 
24-05-2024 17:27:13 - current_meule : 0.89 A
24-05-2024 17:27:13 - t_meule : 32 °C
24-05-2024 17:27:13 - capt_rot_blut : 0 
24-05-2024 17:27:13 - alarm_entret : 1 
24-05-2024 17:27:13 - horametre : 1 
24-05-2024 17:27:13 - retour_freq_meule : 50.0 
24-05-2024 17:27:13 - stop_powerflex_vibrat : 0 
24-05-2024 17:27:13 - reg_intens_meule : 0.88 A
24-05-2024 17:27:13 - capt_ensach_alarm : 0 
24-05-2024 17:27:13 - capt_bas_alarm : 0 
24-05-2024 17:27:13 - intensite_meule : 0 
24-05-2024 17:27:13 - arret_vibra : 0 
24-05-2024 17:27:13 - succion_force : 0 
24-05-2024 17:27:13 - vibra_eleve : 0 
24-05-2024 17:27:13 - vidan_trem : 0 
24-05-2024 17:27:13 - speed_ref_vibrat : 13.0 Hz
24-05-2024 17:27:13 - start_powerflex_vibrat : 1 
24-05-2024 17:27:13 - cv_manuel : 13.0 Hz
-------------------------------------------------------
Fin du Fichier de Logs du 24-05-2024 17:27:13 
