24-05-2024 17:21:19 - capt_bas_moulin : 0 
24-05-2024 17:21:19 - sign_ext_son : 0 
24-05-2024 17:21:19 - capt_rot_blute : 0 
24-05-2024 17:21:19 - inter_shunt_secu : 0 
24-05-2024 17:21:19 - capt_ensach : 1 
24-05-2024 17:21:19 - run_powerflex : 1 
24-05-2024 17:21:19 - moteur_succion : 0 
24-05-2024 17:21:19 - moteur_son : 1 
24-05-2024 17:21:19 - battage : 0 
24-05-2024 17:21:19 - out_sign_son : 1 
24-05-2024 17:21:19 - moteur_bluterie : 1 
24-05-2024 17:21:19 - courrant_meule : 0.88 A
24-05-2024 17:21:19 - stop_powerflex_true : 1 
24-05-2024 17:21:19 - stop_powerflex : 0 
24-05-2024 17:21:19 - start_poxerflex : 0 
24-05-2024 17:21:19 - start_bluterie : 0 
24-05-2024 17:21:19 - current_meule : 0.9 A
24-05-2024 17:21:19 - t_meule : 22 °C
24-05-2024 17:21:19 - capt_rot_blut : 0 
24-05-2024 17:21:19 - alarm_entret : 1 
24-05-2024 17:21:19 - horametre : 1 
24-05-2024 17:21:19 - retour_freq_meule : 50.0 
24-05-2024 17:21:19 - stop_powerflex_vibrat : 0 
24-05-2024 17:21:19 - reg_intens_meule : 0.88 A
24-05-2024 17:21:19 - capt_ensach_alarm : 0 
24-05-2024 17:21:19 - capt_bas_alarm : 0 
24-05-2024 17:21:19 - intensite_meule : 0 
24-05-2024 17:21:19 - arret_vibra : 0 
24-05-2024 17:21:19 - succion_force : 0 
24-05-2024 17:21:19 - vibra_eleve : 0 
24-05-2024 17:21:19 - vidan_trem : 0 
24-05-2024 17:21:19 - speed_ref_vibrat : 13.0 Hz
24-05-2024 17:21:19 - start_powerflex_vibrat : 1 
24-05-2024 17:21:19 - cv_manuel : 13.0 Hz
-------------------------------------------------------
Fin du Fichier de Logs du 24-05-2024 17:21:19 
