24-05-2024 17:27:02 - capt_bas_moulin : 0 
24-05-2024 17:27:02 - sign_ext_son : 0 
24-05-2024 17:27:02 - capt_rot_blute : 0 
24-05-2024 17:27:02 - inter_shunt_secu : 0 
24-05-2024 17:27:02 - capt_ensach : 1 
24-05-2024 17:27:02 - run_powerflex : 1 
24-05-2024 17:27:02 - moteur_succion : 0 
24-05-2024 17:27:02 - moteur_son : 1 
24-05-2024 17:27:02 - battage : 0 
24-05-2024 17:27:02 - out_sign_son : 1 
24-05-2024 17:27:02 - moteur_bluterie : 1 
24-05-2024 17:27:02 - courrant_meule : 0.89 A
24-05-2024 17:27:02 - stop_powerflex_true : 1 
24-05-2024 17:27:02 - stop_powerflex : 0 
24-05-2024 17:27:02 - start_poxerflex : 0 
24-05-2024 17:27:02 - start_bluterie : 0 
24-05-2024 17:27:02 - current_meule : 0.89 A
24-05-2024 17:27:02 - t_meule : 32 °C
24-05-2024 17:27:02 - capt_rot_blut : 0 
24-05-2024 17:27:02 - alarm_entret : 1 
24-05-2024 17:27:02 - horametre : 1 
24-05-2024 17:27:02 - retour_freq_meule : 50.0 
24-05-2024 17:27:02 - stop_powerflex_vibrat : 0 
24-05-2024 17:27:02 - reg_intens_meule : 0.88 A
24-05-2024 17:27:02 - capt_ensach_alarm : 0 
24-05-2024 17:27:02 - capt_bas_alarm : 0 
24-05-2024 17:27:02 - intensite_meule : 0 
24-05-2024 17:27:02 - arret_vibra : 0 
24-05-2024 17:27:02 - succion_force : 0 
24-05-2024 17:27:02 - vibra_eleve : 0 
24-05-2024 17:27:02 - vidan_trem : 0 
24-05-2024 17:27:02 - speed_ref_vibrat : 13.0 Hz
24-05-2024 17:27:02 - start_powerflex_vibrat : 1 
24-05-2024 17:27:02 - cv_manuel : 13.0 Hz
-------------------------------------------------------
Fin du Fichier de Logs du 24-05-2024 17:27:02 
