24-05-2024 17:31:57 - capt_bas_moulin : 0 
24-05-2024 17:31:57 - sign_ext_son : 0 
24-05-2024 17:31:57 - capt_rot_blute : 0 
24-05-2024 17:31:57 - inter_shunt_secu : 0 
24-05-2024 17:31:57 - capt_ensach : 1 
24-05-2024 17:31:57 - run_powerflex : 0 
24-05-2024 17:31:57 - moteur_succion : 0 
24-05-2024 17:31:57 - moteur_son : 0 
24-05-2024 17:31:57 - battage : 0 
24-05-2024 17:31:57 - out_sign_son : 0 
24-05-2024 17:31:57 - moteur_bluterie : 0 
24-05-2024 17:31:57 - courrant_meule : 0.0 A
24-05-2024 17:31:57 - stop_powerflex_true : 1 
24-05-2024 17:31:57 - stop_powerflex : 0 
24-05-2024 17:31:57 - start_poxerflex : 0 
24-05-2024 17:31:57 - start_bluterie : 0 
24-05-2024 17:31:57 - current_meule : 0.0 A
24-05-2024 17:31:57 - t_meule : 26 °C
24-05-2024 17:31:57 - capt_rot_blut : 0 
24-05-2024 17:31:57 - alarm_entret : 1 
24-05-2024 17:31:57 - horametre : 1 
24-05-2024 17:31:57 - retour_freq_meule : 0.0 
24-05-2024 17:31:57 - stop_powerflex_vibrat : 1 
24-05-2024 17:31:57 - reg_intens_meule : 3.0 A
24-05-2024 17:31:57 - capt_ensach_alarm : 0 
24-05-2024 17:31:57 - capt_bas_alarm : 0 
24-05-2024 17:31:57 - intensite_meule : 0 
24-05-2024 17:31:57 - arret_vibra : 0 
24-05-2024 17:31:57 - succion_force : 0 
24-05-2024 17:31:57 - vibra_eleve : 0 
24-05-2024 17:31:57 - vidan_trem : 0 
24-05-2024 17:31:57 - speed_ref_vibrat : 0.0 Hz
24-05-2024 17:31:57 - start_powerflex_vibrat : 0 
24-05-2024 17:31:57 - cv_manuel : 24.48 Hz
-------------------------------------------------------
Fin du Fichier de Logs du 24-05-2024 17:31:57 
