28-05-2024 23:52:33 - capt_bas_moulin : 0 
28-05-2024 23:52:33 - sign_ext_son : 0 
28-05-2024 23:52:33 - capt_rot_blute : 0 
28-05-2024 23:52:33 - inter_shunt_secu : 0 
28-05-2024 23:52:33 - capt_ensach : 1 
28-05-2024 23:52:33 - run_powerflex : 0 
28-05-2024 23:52:33 - moteur_succion : 0 
28-05-2024 23:52:33 - moteur_son : 0 
28-05-2024 23:52:33 - battage : 0 
28-05-2024 23:52:33 - out_sign_son : 0 
28-05-2024 23:52:33 - moteur_bluterie : 0 
28-05-2024 23:52:33 - courrant_meule : 0.0 A
28-05-2024 23:52:33 - stop_powerflex_true : 1 
28-05-2024 23:52:33 - stop_powerflex : 1 
28-05-2024 23:52:33 - start_poxerflex : 0 
28-05-2024 23:52:33 - start_bluterie : 0 
28-05-2024 23:52:33 - current_meule : 0.0 A
28-05-2024 23:52:33 - t_meule : 21 °C
28-05-2024 23:52:33 - capt_rot_blut : 0 
28-05-2024 23:52:33 - alarm_entret : 1 
28-05-2024 23:52:33 - horametre : 1 
28-05-2024 23:52:33 - retour_freq_meule : 0.0 
28-05-2024 23:52:33 - stop_powerflex_vibrat : 1 
28-05-2024 23:52:33 - reg_intens_meule : 2.11 A
28-05-2024 23:52:33 - capt_ensach_alarm : 0 
28-05-2024 23:52:33 - capt_bas_alarm : 0 
28-05-2024 23:52:33 - intensite_meule : 0 
28-05-2024 23:52:33 - arret_vibra : 0 
28-05-2024 23:52:33 - succion_force : 0 
28-05-2024 23:52:33 - vibra_eleve : 0 
28-05-2024 23:52:33 - vidan_trem : 0 
28-05-2024 23:52:33 - speed_ref_vibrat : 0.0 Hz
28-05-2024 23:52:33 - start_powerflex_vibrat : 0 
28-05-2024 23:52:33 - cv_manuel : 13.0 Hz
-------------------------------------------------------
Fin du Fichier de Logs du 28-05-2024 23:52:33 
