28-05-2024 23:46:58 - capt_bas_moulin : 0 
INFO:__main__:28-05-2024 23:46:58 - capt_bas_moulin : 0 
28-05-2024 23:46:58 - sign_ext_son : 0 
INFO:__main__:28-05-2024 23:46:58 - sign_ext_son : 0 
28-05-2024 23:46:58 - capt_rot_blute : 0 
INFO:__main__:28-05-2024 23:46:58 - capt_rot_blute : 0 
28-05-2024 23:46:58 - inter_shunt_secu : 0 
INFO:__main__:28-05-2024 23:46:58 - inter_shunt_secu : 0 
28-05-2024 23:46:58 - capt_ensach : 1 
INFO:__main__:28-05-2024 23:46:58 - capt_ensach : 1 
28-05-2024 23:46:58 - run_powerflex : 0 
INFO:__main__:28-05-2024 23:46:58 - run_powerflex : 0 
28-05-2024 23:46:58 - moteur_succion : 0 
INFO:__main__:28-05-2024 23:46:58 - moteur_succion : 0 
28-05-2024 23:46:58 - moteur_son : 0 
INFO:__main__:28-05-2024 23:46:58 - moteur_son : 0 
28-05-2024 23:46:58 - battage : 0 
INFO:__main__:28-05-2024 23:46:58 - battage : 0 
28-05-2024 23:46:58 - out_sign_son : 0 
INFO:__main__:28-05-2024 23:46:58 - out_sign_son : 0 
28-05-2024 23:46:58 - moteur_bluterie : 0 
INFO:__main__:28-05-2024 23:46:58 - moteur_bluterie : 0 
28-05-2024 23:46:58 - courrant_meule : 0.0 A
INFO:__main__:28-05-2024 23:46:58 - courrant_meule : 0.0 A
28-05-2024 23:46:58 - stop_powerflex_true : 1 
INFO:__main__:28-05-2024 23:46:58 - stop_powerflex_true : 1 
28-05-2024 23:46:58 - stop_powerflex : 1 
INFO:__main__:28-05-2024 23:46:58 - stop_powerflex : 1 
28-05-2024 23:46:58 - start_poxerflex : 0 
INFO:__main__:28-05-2024 23:46:58 - start_poxerflex : 0 
28-05-2024 23:46:58 - start_bluterie : 0 
INFO:__main__:28-05-2024 23:46:58 - start_bluterie : 0 
28-05-2024 23:46:58 - current_meule : 0.0 A
INFO:__main__:28-05-2024 23:46:58 - current_meule : 0.0 A
28-05-2024 23:46:58 - t_meule : 21 °C
INFO:__main__:28-05-2024 23:46:58 - t_meule : 21 °C
28-05-2024 23:46:58 - capt_rot_blut : 0 
INFO:__main__:28-05-2024 23:46:58 - capt_rot_blut : 0 
28-05-2024 23:46:58 - alarm_entret : 1 
INFO:__main__:28-05-2024 23:46:58 - alarm_entret : 1 
28-05-2024 23:46:58 - horametre : 1 
INFO:__main__:28-05-2024 23:46:58 - horametre : 1 
28-05-2024 23:46:58 - retour_freq_meule : 0.0 
INFO:__main__:28-05-2024 23:46:58 - retour_freq_meule : 0.0 
28-05-2024 23:46:58 - stop_powerflex_vibrat : 1 
INFO:__main__:28-05-2024 23:46:58 - stop_powerflex_vibrat : 1 
28-05-2024 23:46:58 - reg_intens_meule : 2.11 A
INFO:__main__:28-05-2024 23:46:58 - reg_intens_meule : 2.11 A
28-05-2024 23:46:58 - capt_ensach_alarm : 0 
INFO:__main__:28-05-2024 23:46:58 - capt_ensach_alarm : 0 
28-05-2024 23:46:58 - capt_bas_alarm : 0 
INFO:__main__:28-05-2024 23:46:58 - capt_bas_alarm : 0 
28-05-2024 23:46:58 - intensite_meule : 0 
INFO:__main__:28-05-2024 23:46:58 - intensite_meule : 0 
28-05-2024 23:46:58 - arret_vibra : 0 
INFO:__main__:28-05-2024 23:46:58 - arret_vibra : 0 
28-05-2024 23:46:58 - succion_force : 0 
INFO:__main__:28-05-2024 23:46:58 - succion_force : 0 
28-05-2024 23:46:58 - vibra_eleve : 0 
INFO:__main__:28-05-2024 23:46:58 - vibra_eleve : 0 
28-05-2024 23:46:58 - vidan_trem : 0 
INFO:__main__:28-05-2024 23:46:58 - vidan_trem : 0 
28-05-2024 23:46:58 - speed_ref_vibrat : 0.0 Hz
INFO:__main__:28-05-2024 23:46:58 - speed_ref_vibrat : 0.0 Hz
28-05-2024 23:46:58 - start_powerflex_vibrat : 0 
INFO:__main__:28-05-2024 23:46:58 - start_powerflex_vibrat : 0 
28-05-2024 23:46:58 - cv_manuel : 13.0 Hz
INFO:__main__:28-05-2024 23:46:58 - cv_manuel : 13.0 Hz
-------------------------------------------------------
WARNING:__main__:-------------------------------------------------------
Fin du Fichier de Logs du 28-05-2024 23:46:58 
WARNING:__main__:Fin du Fichier de Logs du 28-05-2024 23:46:58 
