28-05-2024 23:41:15 - capt_bas_moulin : 0 
28-05-2024 23:41:15 - sign_ext_son : 0 
28-05-2024 23:41:15 - capt_rot_blute : 0 
28-05-2024 23:41:15 - inter_shunt_secu : 0 
28-05-2024 23:41:15 - capt_ensach : 1 
28-05-2024 23:41:15 - run_powerflex : 0 
28-05-2024 23:41:15 - moteur_succion : 0 
28-05-2024 23:41:15 - moteur_son : 0 
28-05-2024 23:41:15 - battage : 0 
28-05-2024 23:41:15 - out_sign_son : 0 
28-05-2024 23:41:15 - moteur_bluterie : 0 
28-05-2024 23:41:15 - courrant_meule : 0.0 A
28-05-2024 23:41:15 - stop_powerflex_true : 1 
28-05-2024 23:41:15 - stop_powerflex : 1 
28-05-2024 23:41:15 - start_poxerflex : 0 
28-05-2024 23:41:15 - start_bluterie : 0 
28-05-2024 23:41:15 - current_meule : 0.0 A
28-05-2024 23:41:15 - t_meule : 21 °C
28-05-2024 23:41:15 - capt_rot_blut : 0 
28-05-2024 23:41:15 - alarm_entret : 1 
28-05-2024 23:41:15 - horametre : 1 
28-05-2024 23:41:15 - retour_freq_meule : 0.0 
28-05-2024 23:41:15 - stop_powerflex_vibrat : 1 
28-05-2024 23:41:15 - reg_intens_meule : 2.11 A
28-05-2024 23:41:15 - capt_ensach_alarm : 0 
28-05-2024 23:41:15 - capt_bas_alarm : 0 
28-05-2024 23:41:15 - intensite_meule : 0 
28-05-2024 23:41:15 - arret_vibra : 0 
28-05-2024 23:41:15 - succion_force : 0 
28-05-2024 23:41:15 - vibra_eleve : 0 
28-05-2024 23:41:15 - vidan_trem : 0 
28-05-2024 23:41:15 - speed_ref_vibrat : 0.0 Hz
28-05-2024 23:41:15 - start_powerflex_vibrat : 0 
28-05-2024 23:41:15 - cv_manuel : 13.0 Hz
-------------------------------------------------------
Fin du Fichier de Logs du 28-05-2024 23:41:15 
