28-05-2024 23:50:35 - capt_bas_moulin : 0 
28-05-2024 23:50:35 - sign_ext_son : 0 
28-05-2024 23:50:35 - capt_rot_blute : 0 
28-05-2024 23:50:35 - inter_shunt_secu : 0 
28-05-2024 23:50:35 - capt_ensach : 1 
28-05-2024 23:50:35 - run_powerflex : 0 
28-05-2024 23:50:35 - moteur_succion : 0 
28-05-2024 23:50:35 - moteur_son : 0 
28-05-2024 23:50:35 - battage : 0 
28-05-2024 23:50:35 - out_sign_son : 0 
28-05-2024 23:50:35 - moteur_bluterie : 0 
28-05-2024 23:50:35 - courrant_meule : 0.0 A
28-05-2024 23:50:35 - stop_powerflex_true : 1 
28-05-2024 23:50:35 - stop_powerflex : 1 
28-05-2024 23:50:35 - start_poxerflex : 0 
28-05-2024 23:50:35 - start_bluterie : 0 
28-05-2024 23:50:35 - current_meule : 0.0 A
28-05-2024 23:50:35 - t_meule : 21 °C
28-05-2024 23:50:35 - capt_rot_blut : 0 
28-05-2024 23:50:35 - alarm_entret : 1 
28-05-2024 23:50:35 - horametre : 1 
28-05-2024 23:50:35 - retour_freq_meule : 0.0 
28-05-2024 23:50:35 - stop_powerflex_vibrat : 1 
28-05-2024 23:50:35 - reg_intens_meule : 2.11 A
28-05-2024 23:50:35 - capt_ensach_alarm : 0 
28-05-2024 23:50:35 - capt_bas_alarm : 0 
28-05-2024 23:50:35 - intensite_meule : 0 
28-05-2024 23:50:35 - arret_vibra : 0 
28-05-2024 23:50:35 - succion_force : 0 
28-05-2024 23:50:35 - vibra_eleve : 0 
28-05-2024 23:50:35 - vidan_trem : 0 
28-05-2024 23:50:35 - speed_ref_vibrat : 0.0 Hz
28-05-2024 23:50:35 - start_powerflex_vibrat : 0 
28-05-2024 23:50:35 - cv_manuel : 13.0 Hz
-------------------------------------------------------
Fin du Fichier de Logs du 28-05-2024 23:50:35 
